2026-01-14 09:55:56,727 [INFO] Fetching all posts
2026-01-14 12:09:45,117 [INFO] Post 96fa984f-b7ee-40b9-9087-bad144ceae5d liked. Total likes: 7
2026-01-14 12:09:45,148 [INFO] Fetching all posts
2026-01-14 12:09:50,772 [INFO] Health check requested
2026-01-14 12:09:52,445 [INFO] Health check requested
2026-01-14 12:15:38,170 [INFO] Post 96fa984f-b7ee-40b9-9087-bad144ceae5d liked. Total likes: 8
2026-01-14 12:15:38,188 [INFO] Fetching all posts
2026-01-14 12:15:46,296 [INFO] Post 1efebe5a-f3b1-40cc-850a-291b6cd75755 liked. Total likes: 5
2026-01-14 12:15:46,311 [INFO] Fetching all posts
2026-01-14 12:16:00,924 [INFO] Post 1efebe5a-f3b1-40cc-850a-291b6cd75755 liked. Total likes: 6
2026-01-14 12:16:00,936 [INFO] Fetching all posts
2026-01-14 14:47:16,341 [INFO] Created new post with ID: 0bb97d9d-f55d-4faf-9332-48321bfe4408
2026-01-14 14:47:16,402 [INFO] Fetching all posts
2026-01-14 14:48:27,341 [INFO] Created comment f99653d4-f8e7-4d72-a9b7-a138f2fb967e for post 96fa984f-b7ee-40b9-9087-bad144ceae5d
2026-01-14 14:48:27,359 [INFO] Fetching all posts
2026-01-14 14:48:31,104 [INFO] Post 96fa984f-b7ee-40b9-9087-bad144ceae5d liked. Total likes: 9
2026-01-14 14:48:31,128 [INFO] Fetching all posts
2026-01-14 14:48:31,568 [INFO] Post 96fa984f-b7ee-40b9-9087-bad144ceae5d liked. Total likes: 10
2026-01-14 14:48:31,601 [INFO] Fetching all posts
2026-01-14 17:39:19,943 [INFO] Deleted post with ID: 0bb97d9d-f55d-4faf-9332-48321bfe4408 and its comments
2026-01-14 17:44:41,417 [INFO] Deleted comment with ID: c1d0d1b5-27f3-45fd-bc43-6bb6eff57d71
2026-01-14 17:45:04,227 [INFO] Post 89e6ce6c-718c-459e-9381-90d48aabc5ba liked. Total likes: 19
2026-01-14 17:45:04,270 [INFO] Fetching all posts
2026-01-14 17:45:04,423 [INFO] Post 89e6ce6c-718c-459e-9381-90d48aabc5ba liked. Total likes: 20
2026-01-14 17:45:04,444 [INFO] Fetching all posts
2026-01-15 07:15:20,870 [INFO] Health check requested
2026-01-15 07:15:24,498 [INFO] Health check requested
2026-01-15 07:15:37,369 [INFO] Fetching all posts
2026-01-15 07:15:54,184 [INFO] Fetching all posts
2026-01-15 07:16:03,354 [INFO] Post d2af97bc-bf40-43aa-92ff-99358b452829 liked. Total likes: 1
2026-01-15 07:16:03,361 [INFO] Fetching all posts
2026-01-15 07:16:06,276 [INFO] Fetching all posts
2026-01-15 07:22:14,091 [INFO] Deleted comment with ID: 0dea091f-5a18-436f-82c9-2e1098c082b4
2026-01-15 07:23:44,336 [INFO] Deleted comment with ID: f99653d4-f8e7-4d72-a9b7-a138f2fb967e
2026-01-15 07:24:47,090 [INFO] Fetching all posts
2026-01-15 10:00:28,878 [INFO] Health check requested
2026-01-15 10:00:31,042 [INFO] Health check requested
2026-01-15 10:00:35,464 [INFO] Health check requested
2026-01-15 10:00:45,671 [INFO] Fetching all posts
2026-01-15 10:01:23,214 [INFO] Post 96fa984f-b7ee-40b9-9087-bad144ceae5d liked. Total likes: 11
2026-01-15 10:01:23,224 [INFO] Fetching all posts
2026-01-15 10:36:52,402 [INFO] Post 96fa984f-b7ee-40b9-9087-bad144ceae5d liked. Total likes: 12
2026-01-15 10:36:52,431 [INFO] Fetching all posts
2026-01-15 10:37:02,665 [INFO] Created comment 34ffde7f-7e42-43fa-877b-80be5c242185 for post 96fa984f-b7ee-40b9-9087-bad144ceae5d
2026-01-15 10:37:02,677 [INFO] Fetching all posts
2026-01-15 10:41:12,911 [INFO] Fetching all posts
